#
# There is insufficient memory for the Java Runtime Environment to continue.
# Native memory allocation (mmap) failed to map 65536 bytes for Failed to commit metaspace.
# Possible reasons:
#   The system is out of physical RAM or swap space
#   The process is running with CompressedOops enabled, and the Java Heap may be blocking the growth of the native heap
# Possible solutions:
#   Reduce memory load on the system
#   Increase physical memory or swap space
#   Check if swap backing store is full
#   Decrease Java heap size (-Xmx/-Xms)
#   Decrease number of Java threads
#   Decrease Java thread stack sizes (-Xss)
#   Set larger code cache with -XX:ReservedCodeCacheSize=
#   JVM is running with Zero Based Compressed Oops mode in which the Java heap is
#     placed in the first 32GB address space. The Java Heap base address is the
#     maximum limit for the native heap growth. Please use -XX:HeapBaseMinAddress
#     to set the Java Heap base and to place the Java Heap above 32GB virtual address.
# This output file may be truncated or incomplete.
#
#  Out of Memory Error (virtualSpaceNode.cpp:110), pid=24736, tid=33144
#
# JRE version: OpenJDK Runtime Environment JBR-17.0.9+7-1087.11-jcef (17.0.9+7) (build 17.0.9+7-b1087.11)
# Java VM: OpenJDK 64-Bit Server VM JBR-17.0.9+7-1087.11-jcef (17.0.9+7-b1087.11, mixed mode, tiered, compressed oops, compressed class ptrs, g1 gc, windows-amd64)
# No core dump will be written. Minidumps are not enabled by default on client versions of Windows
#

---------------  S U M M A R Y ------------

Command Line: externalApp.nativessh.NativeSshAskPassApp Enter passphrase for key '/c/Users/谭方杰/.ssh/id_rsa': 

Host: 11th Gen Intel(R) Core(TM) i5-11300H @ 3.10GHz, 8 cores, 15G,  Windows 10 , 64 bit Build 19041 (10.0.19041.5438)
Time: Sat Mar 15 20:57:50 2025  Windows 10 , 64 bit Build 19041 (10.0.19041.5438) elapsed time: 0.413628 seconds (0d 0h 0m 0s)

---------------  T H R E A D  ---------------

Current thread (0x0000024f9e5c4000):  JavaThread "main" [_thread_in_vm, id=33144, stack(0x00000065fa700000,0x00000065fa800000)]

Stack: [0x00000065fa700000,0x00000065fa800000]
Native frames: (J=compiled Java code, j=interpreted, Vv=VM code, C=native code)
V  [jvm.dll+0x688349]
V  [jvm.dll+0x841bfa]
V  [jvm.dll+0x84383e]
V  [jvm.dll+0x843ea3]
V  [jvm.dll+0x24bdef]
V  [jvm.dll+0x83cbdb]
V  [jvm.dll+0x62c746]
V  [jvm.dll+0x62c7aa]
V  [jvm.dll+0x62efda]
V  [jvm.dll+0x62d0e6]
V  [jvm.dll+0x240ec0]
V  [jvm.dll+0x1efb1b]
V  [jvm.dll+0x1e543c]
V  [jvm.dll+0x54de4c]
V  [jvm.dll+0x1f5feb]
V  [jvm.dll+0x7ba30b]
V  [jvm.dll+0x7bb77c]
V  [jvm.dll+0x7bbac8]
V  [jvm.dll+0x4157a9]
V  [jvm.dll+0x3e2a96]
C  [nio.dll+0x33e6]

Java frames: (J=compiled Java code, j=interpreted, Vv=VM code)
j  sun.nio.ch.Net.initIDs()V+0 java.base@17.0.9
j  sun.nio.ch.Net.<clinit>()V+219 java.base@17.0.9
v  ~StubRoutines::call_stub
j  sun.nio.ch.ServerSocketChannelImpl.unixBind(Ljava/net/SocketAddress;I)Ljava/net/SocketAddress;+101 java.base@17.0.9
j  sun.nio.ch.ServerSocketChannelImpl.bind(Ljava/net/SocketAddress;I)Ljava/nio/channels/ServerSocketChannel;+37 java.base@17.0.9
j  java.nio.channels.ServerSocketChannel.bind(Ljava/net/SocketAddress;)Ljava/nio/channels/ServerSocketChannel;+3 java.base@17.0.9
j  sun.nio.ch.PipeImpl.createListener(Z)Ljava/nio/channels/ServerSocketChannel;+21 java.base@17.0.9
j  sun.nio.ch.PipeImpl$Initializer$LoopbackConnector.run()V+41 java.base@17.0.9
j  sun.nio.ch.PipeImpl$Initializer.run()Ljava/lang/Void;+10 java.base@17.0.9
j  sun.nio.ch.PipeImpl$Initializer.run()Ljava/lang/Object;+1 java.base@17.0.9
j  java.security.AccessController.executePrivileged(Ljava/security/PrivilegedExceptionAction;Ljava/security/AccessControlContext;Ljava/lang/Class;)Ljava/lang/Object;+29 java.base@17.0.9
j  java.security.AccessController.doPrivileged(Ljava/security/PrivilegedExceptionAction;)Ljava/lang/Object;+9 java.base@17.0.9
j  sun.nio.ch.PipeImpl.<init>(Ljava/nio/channels/spi/SelectorProvider;ZZ)V+17 java.base@17.0.9
j  sun.nio.ch.WEPollSelectorImpl.<init>(Ljava/nio/channels/spi/SelectorProvider;)V+74 java.base@17.0.9
j  sun.nio.ch.WEPollSelectorProvider.openSelector()Ljava/nio/channels/spi/AbstractSelector;+5 java.base@17.0.9
j  java.nio.channels.Selector.open()Ljava/nio/channels/Selector;+3 java.base@17.0.9
j  jdk.internal.net.http.HttpClientImpl$SelectorManager.<init>(Ljdk/internal/net/http/HttpClientImpl;)V+69 java.net.http@17.0.9
j  jdk.internal.net.http.HttpClientImpl.<init>(Ljdk/internal/net/http/HttpClientBuilderImpl;Ljdk/internal/net/http/HttpClientImpl$SingleFacadeFactory;)V+474 java.net.http@17.0.9
j  jdk.internal.net.http.HttpClientImpl.create(Ljdk/internal/net/http/HttpClientBuilderImpl;)Ljdk/internal/net/http/HttpClientFacade;+14 java.net.http@17.0.9
j  jdk.internal.net.http.HttpClientBuilderImpl.build()Ljava/net/http/HttpClient;+1 java.net.http@17.0.9
j  externalApp.ExternalAppUtil.sendIdeRequest(Ljava/lang/String;ILjava/lang/String;Ljava/lang/String;)LexternalApp/ExternalAppUtil$Result;+77
j  externalApp.nativessh.NativeSshAskPassApp.main([Ljava/lang/String;)V+30
v  ~StubRoutines::call_stub

---------------  P R O C E S S  ---------------

Threads class SMR info:
_java_thread_list=0x0000024fbd482da0, length=12, elements={
0x0000024f9e5c4000, 0x0000024fbd2a1020, 0x0000024fbd2a5bf0, 0x0000024fbd2dd7d0,
0x0000024fbd2de390, 0x0000024fbd2f3dd0, 0x0000024fbd3135a0, 0x0000024fbd3145a0,
0x0000024fbd315860, 0x0000024fbd319090, 0x0000024fbd4a0430, 0x0000024fbd4b54c0
}

Java Threads: ( => current thread )
=>0x0000024f9e5c4000 JavaThread "main" [_thread_in_vm, id=33144, stack(0x00000065fa700000,0x00000065fa800000)]
  0x0000024fbd2a1020 JavaThread "Reference Handler" daemon [_thread_blocked, id=39472, stack(0x00000065fae00000,0x00000065faf00000)]
  0x0000024fbd2a5bf0 JavaThread "Finalizer" daemon [_thread_blocked, id=23968, stack(0x00000065faf00000,0x00000065fb000000)]
  0x0000024fbd2dd7d0 JavaThread "Signal Dispatcher" daemon [_thread_blocked, id=35620, stack(0x00000065fb000000,0x00000065fb100000)]
  0x0000024fbd2de390 JavaThread "Attach Listener" daemon [_thread_blocked, id=38928, stack(0x00000065fb100000,0x00000065fb200000)]
  0x0000024fbd2f3dd0 JavaThread "Service Thread" daemon [_thread_blocked, id=38992, stack(0x00000065fb200000,0x00000065fb300000)]
  0x0000024fbd3135a0 JavaThread "Monitor Deflation Thread" daemon [_thread_blocked, id=36984, stack(0x00000065fb300000,0x00000065fb400000)]
  0x0000024fbd3145a0 JavaThread "C2 CompilerThread0" daemon [_thread_blocked, id=8264, stack(0x00000065fb400000,0x00000065fb500000)]
  0x0000024fbd315860 JavaThread "C1 CompilerThread0" daemon [_thread_blocked, id=39644, stack(0x00000065fb500000,0x00000065fb600000)]
  0x0000024fbd319090 JavaThread "Sweeper thread" daemon [_thread_blocked, id=15224, stack(0x00000065fb600000,0x00000065fb700000)]
  0x0000024fbd4a0430 JavaThread "Notification Thread" daemon [_thread_blocked, id=10180, stack(0x00000065fb700000,0x00000065fb800000)]
  0x0000024fbd4b54c0 JavaThread "Common-Cleaner" daemon [_thread_blocked, id=8220, stack(0x00000065fb900000,0x00000065fba00000)]

Other Threads:
  0x0000024fbd29d640 VMThread "VM Thread" [stack: 0x00000065fad00000,0x00000065fae00000] [id=24584]
  0x0000024fbd4a0910 WatcherThread [stack: 0x00000065fb800000,0x00000065fb900000] [id=20876]
  0x0000024f9e62f0e0 GCTaskThread "GC Thread#0" [stack: 0x00000065fa800000,0x00000065fa900000] [id=38892]
  0x0000024f9e63fcc0 ConcurrentGCThread "G1 Main Marker" [stack: 0x00000065fa900000,0x00000065faa00000] [id=7040]
  0x0000024f9e6406e0 ConcurrentGCThread "G1 Conc#0" [stack: 0x00000065faa00000,0x00000065fab00000] [id=35360]
  0x0000024f9e67e630 ConcurrentGCThread "G1 Refine#0" [stack: 0x00000065fab00000,0x00000065fac00000] [id=31328]
  0x0000024fbcfd22d0 ConcurrentGCThread "G1 Service" [stack: 0x00000065fac00000,0x00000065fad00000] [id=38024]

Threads with active compile tasks:

VM state: not at safepoint (normal execution)

VM Mutex/Monitor currently owned by a thread:  ([mutex/lock_event])
[0x0000024f9c37b3a0] Metaspace_lock - owner thread: 0x0000024f9e5c4000

Heap address: 0x0000000703600000, size: 4042 MB, Compressed Oops mode: Zero based, Oop shift amount: 3

CDS archive(s) not mapped
Compressed class space mapped at: 0x0000000800000000-0x0000000840000000, reserved size: 1073741824
Narrow klass base: 0x0000000800000000, Narrow klass shift: 0, Narrow klass range: 0x40000000

GC Precious Log:
 CPUs: 8 total, 8 available
 Memory: 16167M
 Large Page Support: Disabled
 NUMA Support: Disabled
 Compressed Oops: Enabled (Zero based)
 Heap Region Size: 2M
 Heap Min Capacity: 8M
 Heap Initial Capacity: 254M
 Heap Max Capacity: 4042M
 Pre-touch: Disabled
 Parallel Workers: 8
 Concurrent Workers: 2
 Concurrent Refinement Workers: 8
 Periodic GC: Disabled

Heap:
 garbage-first heap   total 260096K, used 6144K [0x0000000703600000, 0x0000000800000000)
  region size 2048K, 4 young (8192K), 0 survivors (0K)
 Metaspace       used 12612K, committed 12736K, reserved 1114112K
  class space    used 1235K, committed 1280K, reserved 1048576K

Heap Regions: E=young(eden), S=young(survivor), O=old, HS=humongous(starts), HC=humongous(continues), CS=collection set, F=free, OA=open archive, CA=closed archive, TAMS=top-at-mark-start (previous, next)
|   0|0x0000000703600000, 0x0000000703600000, 0x0000000703800000|  0%| F|  |TAMS 0x0000000703600000, 0x0000000703600000| Untracked 
|   1|0x0000000703800000, 0x0000000703800000, 0x0000000703a00000|  0%| F|  |TAMS 0x0000000703800000, 0x0000000703800000| Untracked 
|   2|0x0000000703a00000, 0x0000000703a00000, 0x0000000703c00000|  0%| F|  |TAMS 0x0000000703a00000, 0x0000000703a00000| Untracked 
|   3|0x0000000703c00000, 0x0000000703c00000, 0x0000000703e00000|  0%| F|  |TAMS 0x0000000703c00000, 0x0000000703c00000| Untracked 
|   4|0x0000000703e00000, 0x0000000703e00000, 0x0000000704000000|  0%| F|  |TAMS 0x0000000703e00000, 0x0000000703e00000| Untracked 
|   5|0x0000000704000000, 0x0000000704000000, 0x0000000704200000|  0%| F|  |TAMS 0x0000000704000000, 0x0000000704000000| Untracked 
|   6|0x0000000704200000, 0x0000000704200000, 0x0000000704400000|  0%| F|  |TAMS 0x0000000704200000, 0x0000000704200000| Untracked 
|   7|0x0000000704400000, 0x0000000704400000, 0x0000000704600000|  0%| F|  |TAMS 0x0000000704400000, 0x0000000704400000| Untracked 
|   8|0x0000000704600000, 0x0000000704600000, 0x0000000704800000|  0%| F|  |TAMS 0x0000000704600000, 0x0000000704600000| Untracked 
|   9|0x0000000704800000, 0x0000000704800000, 0x0000000704a00000|  0%| F|  |TAMS 0x0000000704800000, 0x0000000704800000| Untracked 
|  10|0x0000000704a00000, 0x0000000704a00000, 0x0000000704c00000|  0%| F|  |TAMS 0x0000000704a00000, 0x0000000704a00000| Untracked 
|  11|0x0000000704c00000, 0x0000000704c00000, 0x0000000704e00000|  0%| F|  |TAMS 0x0000000704c00000, 0x0000000704c00000| Untracked 
|  12|0x0000000704e00000, 0x0000000704e00000, 0x0000000705000000|  0%| F|  |TAMS 0x0000000704e00000, 0x0000000704e00000| Untracked 
|  13|0x0000000705000000, 0x0000000705000000, 0x0000000705200000|  0%| F|  |TAMS 0x0000000705000000, 0x0000000705000000| Untracked 
|  14|0x0000000705200000, 0x0000000705200000, 0x0000000705400000|  0%| F|  |TAMS 0x0000000705200000, 0x0000000705200000| Untracked 
|  15|0x0000000705400000, 0x0000000705400000, 0x0000000705600000|  0%| F|  |TAMS 0x0000000705400000, 0x0000000705400000| Untracked 
|  16|0x0000000705600000, 0x0000000705600000, 0x0000000705800000|  0%| F|  |TAMS 0x0000000705600000, 0x0000000705600000| Untracked 
|  17|0x0000000705800000, 0x0000000705800000, 0x0000000705a00000|  0%| F|  |TAMS 0x0000000705800000, 0x0000000705800000| Untracked 
|  18|0x0000000705a00000, 0x0000000705a00000, 0x0000000705c00000|  0%| F|  |TAMS 0x0000000705a00000, 0x0000000705a00000| Untracked 
|  19|0x0000000705c00000, 0x0000000705c00000, 0x0000000705e00000|  0%| F|  |TAMS 0x0000000705c00000, 0x0000000705c00000| Untracked 
|  20|0x0000000705e00000, 0x0000000705e00000, 0x0000000706000000|  0%| F|  |TAMS 0x0000000705e00000, 0x0000000705e00000| Untracked 
|  21|0x0000000706000000, 0x0000000706000000, 0x0000000706200000|  0%| F|  |TAMS 0x0000000706000000, 0x0000000706000000| Untracked 
|  22|0x0000000706200000, 0x0000000706200000, 0x0000000706400000|  0%| F|  |TAMS 0x0000000706200000, 0x0000000706200000| Untracked 
|  23|0x0000000706400000, 0x0000000706400000, 0x0000000706600000|  0%| F|  |TAMS 0x0000000706400000, 0x0000000706400000| Untracked 
|  24|0x0000000706600000, 0x0000000706600000, 0x0000000706800000|  0%| F|  |TAMS 0x0000000706600000, 0x0000000706600000| Untracked 
|  25|0x0000000706800000, 0x0000000706800000, 0x0000000706a00000|  0%| F|  |TAMS 0x0000000706800000, 0x0000000706800000| Untracked 
|  26|0x0000000706a00000, 0x0000000706a00000, 0x0000000706c00000|  0%| F|  |TAMS 0x0000000706a00000, 0x0000000706a00000| Untracked 
|  27|0x0000000706c00000, 0x0000000706c00000, 0x0000000706e00000|  0%| F|  |TAMS 0x0000000706c00000, 0x0000000706c00000| Untracked 
|  28|0x0000000706e00000, 0x0000000706e00000, 0x0000000707000000|  0%| F|  |TAMS 0x0000000706e00000, 0x0000000706e00000| Untracked 
|  29|0x0000000707000000, 0x0000000707000000, 0x0000000707200000|  0%| F|  |TAMS 0x0000000707000000, 0x0000000707000000| Untracked 
|  30|0x0000000707200000, 0x0000000707200000, 0x0000000707400000|  0%| F|  |TAMS 0x0000000707200000, 0x0000000707200000| Untracked 
|  31|0x0000000707400000, 0x0000000707400000, 0x0000000707600000|  0%| F|  |TAMS 0x0000000707400000, 0x0000000707400000| Untracked 
|  32|0x0000000707600000, 0x0000000707600000, 0x0000000707800000|  0%| F|  |TAMS 0x0000000707600000, 0x0000000707600000| Untracked 
|  33|0x0000000707800000, 0x0000000707800000, 0x0000000707a00000|  0%| F|  |TAMS 0x0000000707800000, 0x0000000707800000| Untracked 
|  34|0x0000000707a00000, 0x0000000707a00000, 0x0000000707c00000|  0%| F|  |TAMS 0x0000000707a00000, 0x0000000707a00000| Untracked 
|  35|0x0000000707c00000, 0x0000000707c00000, 0x0000000707e00000|  0%| F|  |TAMS 0x0000000707c00000, 0x0000000707c00000| Untracked 
|  36|0x0000000707e00000, 0x0000000707e00000, 0x0000000708000000|  0%| F|  |TAMS 0x0000000707e00000, 0x0000000707e00000| Untracked 
|  37|0x0000000708000000, 0x0000000708000000, 0x0000000708200000|  0%| F|  |TAMS 0x0000000708000000, 0x0000000708000000| Untracked 
|  38|0x0000000708200000, 0x0000000708200000, 0x0000000708400000|  0%| F|  |TAMS 0x0000000708200000, 0x0000000708200000| Untracked 
|  39|0x0000000708400000, 0x0000000708400000, 0x0000000708600000|  0%| F|  |TAMS 0x0000000708400000, 0x0000000708400000| Untracked 
|  40|0x0000000708600000, 0x0000000708600000, 0x0000000708800000|  0%| F|  |TAMS 0x0000000708600000, 0x0000000708600000| Untracked 
|  41|0x0000000708800000, 0x0000000708800000, 0x0000000708a00000|  0%| F|  |TAMS 0x0000000708800000, 0x0000000708800000| Untracked 
|  42|0x0000000708a00000, 0x0000000708a00000, 0x0000000708c00000|  0%| F|  |TAMS 0x0000000708a00000, 0x0000000708a00000| Untracked 
|  43|0x0000000708c00000, 0x0000000708c00000, 0x0000000708e00000|  0%| F|  |TAMS 0x0000000708c00000, 0x0000000708c00000| Untracked 
|  44|0x0000000708e00000, 0x0000000708e00000, 0x0000000709000000|  0%| F|  |TAMS 0x0000000708e00000, 0x0000000708e00000| Untracked 
|  45|0x0000000709000000, 0x0000000709000000, 0x0000000709200000|  0%| F|  |TAMS 0x0000000709000000, 0x0000000709000000| Untracked 
|  46|0x0000000709200000, 0x0000000709200000, 0x0000000709400000|  0%| F|  |TAMS 0x0000000709200000, 0x0000000709200000| Untracked 
|  47|0x0000000709400000, 0x0000000709400000, 0x0000000709600000|  0%| F|  |TAMS 0x0000000709400000, 0x0000000709400000| Untracked 
|  48|0x0000000709600000, 0x0000000709600000, 0x0000000709800000|  0%| F|  |TAMS 0x0000000709600000, 0x0000000709600000| Untracked 
|  49|0x0000000709800000, 0x0000000709800000, 0x0000000709a00000|  0%| F|  |TAMS 0x0000000709800000, 0x0000000709800000| Untracked 
|  50|0x0000000709a00000, 0x0000000709a00000, 0x0000000709c00000|  0%| F|  |TAMS 0x0000000709a00000, 0x0000000709a00000| Untracked 
|  51|0x0000000709c00000, 0x0000000709c00000, 0x0000000709e00000|  0%| F|  |TAMS 0x0000000709c00000, 0x0000000709c00000| Untracked 
|  52|0x0000000709e00000, 0x0000000709e00000, 0x000000070a000000|  0%| F|  |TAMS 0x0000000709e00000, 0x0000000709e00000| Untracked 
|  53|0x000000070a000000, 0x000000070a000000, 0x000000070a200000|  0%| F|  |TAMS 0x000000070a000000, 0x000000070a000000| Untracked 
|  54|0x000000070a200000, 0x000000070a200000, 0x000000070a400000|  0%| F|  |TAMS 0x000000070a200000, 0x000000070a200000| Untracked 
|  55|0x000000070a400000, 0x000000070a400000, 0x000000070a600000|  0%| F|  |TAMS 0x000000070a400000, 0x000000070a400000| Untracked 
|  56|0x000000070a600000, 0x000000070a600000, 0x000000070a800000|  0%| F|  |TAMS 0x000000070a600000, 0x000000070a600000| Untracked 
|  57|0x000000070a800000, 0x000000070a800000, 0x000000070aa00000|  0%| F|  |TAMS 0x000000070a800000, 0x000000070a800000| Untracked 
|  58|0x000000070aa00000, 0x000000070aa00000, 0x000000070ac00000|  0%| F|  |TAMS 0x000000070aa00000, 0x000000070aa00000| Untracked 
|  59|0x000000070ac00000, 0x000000070ac00000, 0x000000070ae00000|  0%| F|  |TAMS 0x000000070ac00000, 0x000000070ac00000| Untracked 
|  60|0x000000070ae00000, 0x000000070ae00000, 0x000000070b000000|  0%| F|  |TAMS 0x000000070ae00000, 0x000000070ae00000| Untracked 
|  61|0x000000070b000000, 0x000000070b000000, 0x000000070b200000|  0%| F|  |TAMS 0x000000070b000000, 0x000000070b000000| Untracked 
|  62|0x000000070b200000, 0x000000070b200000, 0x000000070b400000|  0%| F|  |TAMS 0x000000070b200000, 0x000000070b200000| Untracked 
|  63|0x000000070b400000, 0x000000070b400000, 0x000000070b600000|  0%| F|  |TAMS 0x000000070b400000, 0x000000070b400000| Untracked 
|  64|0x000000070b600000, 0x000000070b600000, 0x000000070b800000|  0%| F|  |TAMS 0x000000070b600000, 0x000000070b600000| Untracked 
|  65|0x000000070b800000, 0x000000070b800000, 0x000000070ba00000|  0%| F|  |TAMS 0x000000070b800000, 0x000000070b800000| Untracked 
|  66|0x000000070ba00000, 0x000000070ba00000, 0x000000070bc00000|  0%| F|  |TAMS 0x000000070ba00000, 0x000000070ba00000| Untracked 
|  67|0x000000070bc00000, 0x000000070bc00000, 0x000000070be00000|  0%| F|  |TAMS 0x000000070bc00000, 0x000000070bc00000| Untracked 
|  68|0x000000070be00000, 0x000000070be00000, 0x000000070c000000|  0%| F|  |TAMS 0x000000070be00000, 0x000000070be00000| Untracked 
|  69|0x000000070c000000, 0x000000070c000000, 0x000000070c200000|  0%| F|  |TAMS 0x000000070c000000, 0x000000070c000000| Untracked 
|  70|0x000000070c200000, 0x000000070c200000, 0x000000070c400000|  0%| F|  |TAMS 0x000000070c200000, 0x000000070c200000| Untracked 
|  71|0x000000070c400000, 0x000000070c400000, 0x000000070c600000|  0%| F|  |TAMS 0x000000070c400000, 0x000000070c400000| Untracked 
|  72|0x000000070c600000, 0x000000070c600000, 0x000000070c800000|  0%| F|  |TAMS 0x000000070c600000, 0x000000070c600000| Untracked 
|  73|0x000000070c800000, 0x000000070c800000, 0x000000070ca00000|  0%| F|  |TAMS 0x000000070c800000, 0x000000070c800000| Untracked 
|  74|0x000000070ca00000, 0x000000070ca00000, 0x000000070cc00000|  0%| F|  |TAMS 0x000000070ca00000, 0x000000070ca00000| Untracked 
|  75|0x000000070cc00000, 0x000000070cc00000, 0x000000070ce00000|  0%| F|  |TAMS 0x000000070cc00000, 0x000000070cc00000| Untracked 
|  76|0x000000070ce00000, 0x000000070ce00000, 0x000000070d000000|  0%| F|  |TAMS 0x000000070ce00000, 0x000000070ce00000| Untracked 
|  77|0x000000070d000000, 0x000000070d000000, 0x000000070d200000|  0%| F|  |TAMS 0x000000070d000000, 0x000000070d000000| Untracked 
|  78|0x000000070d200000, 0x000000070d200000, 0x000000070d400000|  0%| F|  |TAMS 0x000000070d200000, 0x000000070d200000| Untracked 
|  79|0x000000070d400000, 0x000000070d400000, 0x000000070d600000|  0%| F|  |TAMS 0x000000070d400000, 0x000000070d400000| Untracked 
|  80|0x000000070d600000, 0x000000070d600000, 0x000000070d800000|  0%| F|  |TAMS 0x000000070d600000, 0x000000070d600000| Untracked 
|  81|0x000000070d800000, 0x000000070d800000, 0x000000070da00000|  0%| F|  |TAMS 0x000000070d800000, 0x000000070d800000| Untracked 
|  82|0x000000070da00000, 0x000000070da00000, 0x000000070dc00000|  0%| F|  |TAMS 0x000000070da00000, 0x000000070da00000| Untracked 
|  83|0x000000070dc00000, 0x000000070dc00000, 0x000000070de00000|  0%| F|  |TAMS 0x000000070dc00000, 0x000000070dc00000| Untracked 
|  84|0x000000070de00000, 0x000000070de00000, 0x000000070e000000|  0%| F|  |TAMS 0x000000070de00000, 0x000000070de00000| Untracked 
|  85|0x000000070e000000, 0x000000070e000000, 0x000000070e200000|  0%| F|  |TAMS 0x000000070e000000, 0x000000070e000000| Untracked 
|  86|0x000000070e200000, 0x000000070e200000, 0x000000070e400000|  0%| F|  |TAMS 0x000000070e200000, 0x000000070e200000| Untracked 
|  87|0x000000070e400000, 0x000000070e400000, 0x000000070e600000|  0%| F|  |TAMS 0x000000070e400000, 0x000000070e400000| Untracked 
|  88|0x000000070e600000, 0x000000070e600000, 0x000000070e800000|  0%| F|  |TAMS 0x000000070e600000, 0x000000070e600000| Untracked 
|  89|0x000000070e800000, 0x000000070e800000, 0x000000070ea00000|  0%| F|  |TAMS 0x000000070e800000, 0x000000070e800000| Untracked 
|  90|0x000000070ea00000, 0x000000070ea00000, 0x000000070ec00000|  0%| F|  |TAMS 0x000000070ea00000, 0x000000070ea00000| Untracked 
|  91|0x000000070ec00000, 0x000000070ec00000, 0x000000070ee00000|  0%| F|  |TAMS 0x000000070ec00000, 0x000000070ec00000| Untracked 
|  92|0x000000070ee00000, 0x000000070ee00000, 0x000000070f000000|  0%| F|  |TAMS 0x000000070ee00000, 0x000000070ee00000| Untracked 
|  93|0x000000070f000000, 0x000000070f000000, 0x000000070f200000|  0%| F|  |TAMS 0x000000070f000000, 0x000000070f000000| Untracked 
|  94|0x000000070f200000, 0x000000070f200000, 0x000000070f400000|  0%| F|  |TAMS 0x000000070f200000, 0x000000070f200000| Untracked 
|  95|0x000000070f400000, 0x000000070f400000, 0x000000070f600000|  0%| F|  |TAMS 0x000000070f400000, 0x000000070f400000| Untracked 
|  96|0x000000070f600000, 0x000000070f600000, 0x000000070f800000|  0%| F|  |TAMS 0x000000070f600000, 0x000000070f600000| Untracked 
|  97|0x000000070f800000, 0x000000070f800000, 0x000000070fa00000|  0%| F|  |TAMS 0x000000070f800000, 0x000000070f800000| Untracked 
|  98|0x000000070fa00000, 0x000000070fa00000, 0x000000070fc00000|  0%| F|  |TAMS 0x000000070fa00000, 0x000000070fa00000| Untracked 
|  99|0x000000070fc00000, 0x000000070fc00000, 0x000000070fe00000|  0%| F|  |TAMS 0x000000070fc00000, 0x000000070fc00000| Untracked 
| 100|0x000000070fe00000, 0x000000070fe00000, 0x0000000710000000|  0%| F|  |TAMS 0x000000070fe00000, 0x000000070fe00000| Untracked 
| 101|0x0000000710000000, 0x0000000710000000, 0x0000000710200000|  0%| F|  |TAMS 0x0000000710000000, 0x0000000710000000| Untracked 
| 102|0x0000000710200000, 0x0000000710200000, 0x0000000710400000|  0%| F|  |TAMS 0x0000000710200000, 0x0000000710200000| Untracked 
| 103|0x0000000710400000, 0x0000000710400000, 0x0000000710600000|  0%| F|  |TAMS 0x0000000710400000, 0x0000000710400000| Untracked 
| 104|0x0000000710600000, 0x0000000710600000, 0x0000000710800000|  0%| F|  |TAMS 0x0000000710600000, 0x0000000710600000| Untracked 
| 105|0x0000000710800000, 0x0000000710800000, 0x0000000710a00000|  0%| F|  |TAMS 0x0000000710800000, 0x0000000710800000| Untracked 
| 106|0x0000000710a00000, 0x0000000710a00000, 0x0000000710c00000|  0%| F|  |TAMS 0x0000000710a00000, 0x0000000710a00000| Untracked 
| 107|0x0000000710c00000, 0x0000000710c00000, 0x0000000710e00000|  0%| F|  |TAMS 0x0000000710c00000, 0x0000000710c00000| Untracked 
| 108|0x0000000710e00000, 0x0000000710e00000, 0x0000000711000000|  0%| F|  |TAMS 0x0000000710e00000, 0x0000000710e00000| Untracked 
| 109|0x0000000711000000, 0x0000000711000000, 0x0000000711200000|  0%| F|  |TAMS 0x0000000711000000, 0x0000000711000000| Untracked 
| 110|0x0000000711200000, 0x0000000711200000, 0x0000000711400000|  0%| F|  |TAMS 0x0000000711200000, 0x0000000711200000| Untracked 
| 111|0x0000000711400000, 0x0000000711400000, 0x0000000711600000|  0%| F|  |TAMS 0x0000000711400000, 0x0000000711400000| Untracked 
| 112|0x0000000711600000, 0x0000000711600000, 0x0000000711800000|  0%| F|  |TAMS 0x0000000711600000, 0x0000000711600000| Untracked 
| 113|0x0000000711800000, 0x0000000711800000, 0x0000000711a00000|  0%| F|  |TAMS 0x0000000711800000, 0x0000000711800000| Untracked 
| 114|0x0000000711a00000, 0x0000000711a00000, 0x0000000711c00000|  0%| F|  |TAMS 0x0000000711a00000, 0x0000000711a00000| Untracked 
| 115|0x0000000711c00000, 0x0000000711c00000, 0x0000000711e00000|  0%| F|  |TAMS 0x0000000711c00000, 0x0000000711c00000| Untracked 
| 116|0x0000000711e00000, 0x0000000711e00000, 0x0000000712000000|  0%| F|  |TAMS 0x0000000711e00000, 0x0000000711e00000| Untracked 
| 117|0x0000000712000000, 0x0000000712000000, 0x0000000712200000|  0%| F|  |TAMS 0x0000000712000000, 0x0000000712000000| Untracked 
| 118|0x0000000712200000, 0x0000000712200000, 0x0000000712400000|  0%| F|  |TAMS 0x0000000712200000, 0x0000000712200000| Untracked 
| 119|0x0000000712400000, 0x0000000712400000, 0x0000000712600000|  0%| F|  |TAMS 0x0000000712400000, 0x0000000712400000| Untracked 
| 120|0x0000000712600000, 0x0000000712600000, 0x0000000712800000|  0%| F|  |TAMS 0x0000000712600000, 0x0000000712600000| Untracked 
| 121|0x0000000712800000, 0x0000000712800000, 0x0000000712a00000|  0%| F|  |TAMS 0x0000000712800000, 0x0000000712800000| Untracked 
| 122|0x0000000712a00000, 0x0000000712a00000, 0x0000000712c00000|  0%| F|  |TAMS 0x0000000712a00000, 0x0000000712a00000| Untracked 
| 123|0x0000000712c00000, 0x0000000712e00000, 0x0000000712e00000|100%| E|  |TAMS 0x0000000712c00000, 0x0000000712c00000| Complete 
| 124|0x0000000712e00000, 0x0000000713000000, 0x0000000713000000|100%| E|CS|TAMS 0x0000000712e00000, 0x0000000712e00000| Complete 
| 125|0x0000000713000000, 0x0000000713200000, 0x0000000713200000|100%| E|CS|TAMS 0x0000000713000000, 0x0000000713000000| Complete 
| 126|0x0000000713200000, 0x0000000713400000, 0x0000000713400000|100%| E|CS|TAMS 0x0000000713200000, 0x0000000713200000| Complete 

Card table byte_map: [0x0000024fb1860000,0x0000024fb2050000] _byte_map_base: 0x0000024fae045000

Marking Bits (Prev, Next): (CMBitMap*) 0x0000024f9e62f700, (CMBitMap*) 0x0000024f9e62f740
 Prev Bits: [0x0000024fb2840000, 0x0000024fb6768000)
 Next Bits: [0x0000024fb6770000, 0x0000024fba698000)

Polling page: 0x0000024f9c570000

Metaspace:

Usage:
  Non-class:     11.11 MB used.
      Class:      1.21 MB used.
       Both:     12.32 MB used.

Virtual space:
  Non-class space:       64.00 MB reserved,      11.19 MB ( 17%) committed,  1 nodes.
      Class space:        1.00 GB reserved,       1.25 MB ( <1%) committed,  1 nodes.
             Both:        1.06 GB reserved,      12.44 MB (  1%) committed. 

Chunk freelists:
   Non-Class:  4.80 MB
       Class:  14.70 MB
        Both:  19.50 MB

MaxMetaspaceSize: unlimited
CompressedClassSpaceSize: 1.00 GB
Initial GC threshold: 21.00 MB
Current GC threshold: 21.00 MB
CDS: off
MetaspaceReclaimPolicy: balanced
 - commit_granule_bytes: 65536.
 - commit_granule_words: 8192.
 - virtual_space_node_default_size: 8388608.
 - enlarge_chunks_in_place: 1.
 - new_chunks_are_fully_committed: 0.
 - uncommit_free_chunks: 1.
 - use_allocation_guard: 0.
 - handle_deallocations: 1.


Internal statistics:

num_allocs_failed_limit: 0.
num_arena_births: 58.
num_arena_deaths: 0.
num_vsnodes_births: 2.
num_vsnodes_deaths: 0.
num_space_committed: 199.
num_space_uncommitted: 0.
num_chunks_returned_to_freelist: 0.
num_chunks_taken_from_freelist: 127.
num_chunk_merges: 0.
num_chunk_splits: 64.
num_chunks_enlarged: 39.
num_inconsistent_stats: 0.

CodeHeap 'non-profiled nmethods': size=120000Kb used=194Kb max_used=194Kb free=119805Kb
 bounds [0x0000024fa9810000, 0x0000024fa9a80000, 0x0000024fb0d40000]
CodeHeap 'profiled nmethods': size=120000Kb used=1025Kb max_used=1025Kb free=118974Kb
 bounds [0x0000024fa1d40000, 0x0000024fa1fb0000, 0x0000024fa9270000]
CodeHeap 'non-nmethods': size=5760Kb used=1181Kb max_used=1196Kb free=4578Kb
 bounds [0x0000024fa9270000, 0x0000024fa94e0000, 0x0000024fa9810000]
 total_blobs=1153 nmethods=691 adapters=375
 compilation: enabled
              stopped_count=0, restarted_count=0
 full_count=0

Compilation events (20 events):
Event: 0.400 Thread 0x0000024fbd315860  682       3       jdk.internal.org.objectweb.asm.ByteVector::enlarge (51 bytes)
Event: 0.400 Thread 0x0000024fbd315860 nmethod 682 0x0000024fa1e3ca10 code [0x0000024fa1e3cbc0, 0x0000024fa1e3cee8]
Event: 0.400 Thread 0x0000024fbd3145a0 nmethod 681 0x0000024fa983f590 code [0x0000024fa983f700, 0x0000024fa983f7b8]
Event: 0.400 Thread 0x0000024fbd315860  683       3       java.nio.ByteBuffer::order (48 bytes)
Event: 0.401 Thread 0x0000024fbd315860 nmethod 683 0x0000024fa1e3d010 code [0x0000024fa1e3d1c0, 0x0000024fa1e3d3f8]
Event: 0.401 Thread 0x0000024fbd315860  684       3       java.lang.String::startsWith (7 bytes)
Event: 0.402 Thread 0x0000024fbd315860 nmethod 684 0x0000024fa1e3d490 code [0x0000024fa1e3d620, 0x0000024fa1e3d768]
Event: 0.403 Thread 0x0000024fbd3145a0  685       4       java.lang.invoke.MethodType::parameterCount (6 bytes)
Event: 0.403 Thread 0x0000024fbd3145a0 nmethod 685 0x0000024fa983f890 code [0x0000024fa983fa00, 0x0000024fa983fa98]
Event: 0.403 Thread 0x0000024fbd315860  686       3       jdk.internal.loader.BuiltinClassLoader::moduleReaderFor (45 bytes)
Event: 0.403 Thread 0x0000024fbd315860 nmethod 686 0x0000024fa1e3d810 code [0x0000024fa1e3da00, 0x0000024fa1e3e118]
Event: 0.403 Thread 0x0000024fbd315860  687       3       jdk.internal.jimage.BasicImageReader::getLocationIndex (52 bytes)
Event: 0.404 Thread 0x0000024fbd315860 nmethod 687 0x0000024fa1e3e310 code [0x0000024fa1e3e500, 0x0000024fa1e3e998]
Event: 0.404 Thread 0x0000024fbd315860  688       3       java.util.concurrent.ConcurrentHashMap$ValueIterator::next (34 bytes)
Event: 0.404 Thread 0x0000024fbd315860 nmethod 688 0x0000024fa1e3ec10 code [0x0000024fa1e3edc0, 0x0000024fa1e3f038]
Event: 0.405 Thread 0x0000024fbd315860  689       3       sun.invoke.util.VerifyAccess::isClassAccessible (230 bytes)
Event: 0.405 Thread 0x0000024fbd315860 nmethod 689 0x0000024fa1e3f190 code [0x0000024fa1e3f4a0, 0x0000024fa1e40398]
Event: 0.410 Thread 0x0000024fbd3145a0  690       4       java.lang.invoke.VarHandle::checkExactAccessMode (28 bytes)
Event: 0.412 Thread 0x0000024fbd3145a0 nmethod 690 0x0000024fa983fb90 code [0x0000024fa983fd20, 0x0000024fa983ffa8]
Event: 0.412 Thread 0x0000024fbd3145a0  691       4       java.lang.invoke.VarHandleGuards::guard_LI_I (78 bytes)

GC Heap History (0 events):
No events

Dll operation events (1 events):
Event: 0.007 Loaded shared library D:\develop_tool\IntelliJ IDEA 2023.1.4\jbr\bin\java.dll

Deoptimization events (12 events):
Event: 0.305 Thread 0x0000024f9e5c4000 Uncommon trap: trap_request=0xffffff45 fr.pc=0x0000024fa9815bb8 relative=0x0000000000000038
Event: 0.305 Thread 0x0000024f9e5c4000 Uncommon trap: reason=unstable_if action=reinterpret pc=0x0000024fa9815bb8 method=java.lang.StringLatin1.canEncode(I)Z @ 4 c2
Event: 0.305 Thread 0x0000024f9e5c4000 DEOPT PACKING pc=0x0000024fa9815bb8 sp=0x00000065fa7fd880
Event: 0.305 Thread 0x0000024f9e5c4000 DEOPT UNPACKING pc=0x0000024fa92ca1a3 sp=0x00000065fa7fd810 mode 2
Event: 0.320 Thread 0x0000024f9e5c4000 Uncommon trap: trap_request=0xffffff45 fr.pc=0x0000024fa982fef4 relative=0x0000000000000074
Event: 0.320 Thread 0x0000024f9e5c4000 Uncommon trap: reason=unstable_if action=reinterpret pc=0x0000024fa982fef4 method=jdk.internal.misc.Unsafe.convEndian(ZI)I @ 4 c2
Event: 0.320 Thread 0x0000024f9e5c4000 DEOPT PACKING pc=0x0000024fa982fef4 sp=0x00000065fa7fa620
Event: 0.320 Thread 0x0000024f9e5c4000 DEOPT UNPACKING pc=0x0000024fa92ca1a3 sp=0x00000065fa7fa550 mode 2
Event: 0.383 Thread 0x0000024f9e5c4000 DEOPT PACKING pc=0x0000024fa1d76f2d sp=0x00000065fa7fbc80
Event: 0.383 Thread 0x0000024f9e5c4000 DEOPT UNPACKING pc=0x0000024fa92cace3 sp=0x00000065fa7fb118 mode 0
Event: 0.383 Thread 0x0000024f9e5c4000 DEOPT PACKING pc=0x0000024fa1d76f2d sp=0x00000065fa7fbc80
Event: 0.383 Thread 0x0000024f9e5c4000 DEOPT UNPACKING pc=0x0000024fa92cace3 sp=0x00000065fa7fb118 mode 0

Classes unloaded (0 events):
No events

Classes redefined (0 events):
No events

Internal exceptions (19 events):
Event: 0.183 Thread 0x0000024f9e5c4000 Exception <a 'sun/nio/fs/WindowsException'{0x000000071310faa8}> (0x000000071310faa8) 
thrown [s\src\hotspot\share\prims\jni.cpp, line 517]
Event: 0.198 Thread 0x0000024f9e5c4000 Exception <a 'java/lang/NoSuchMethodError'{0x000000071313b0b8}: 'int java.lang.invoke.DirectMethodHandle$Holder.invokeStaticInit(java.lang.Object, java.lang.Object, java.lang.Object, java.lang.Object)'> (0x000000071313b0b8) 
thrown [s\src\hotspot\share\interpreter\linkResolver.cpp, line 771]
Event: 0.199 Thread 0x0000024f9e5c4000 Exception <a 'java/lang/NoSuchMethodError'{0x0000000713145d18}: 'java.lang.Object java.lang.invoke.DirectMethodHandle$Holder.invokeInterface(java.lang.Object, java.lang.Object)'> (0x0000000713145d18) 
thrown [s\src\hotspot\share\interpreter\linkResolver.cpp, line 771]
Event: 0.199 Thread 0x0000024f9e5c4000 Exception <a 'java/lang/IncompatibleClassChangeError'{0x0000000713149638}: Found class java.lang.Object, but interface was expected> (0x0000000713149638) 
thrown [s\src\hotspot\share\interpreter\linkResolver.cpp, line 838]
Event: 0.200 Thread 0x0000024f9e5c4000 Exception <a 'java/lang/NoSuchMethodError'{0x000000071314c9e8}: 'void java.lang.invoke.DirectMethodHandle$Holder.invokeStatic(java.lang.Object, java.lang.Object)'> (0x000000071314c9e8) 
thrown [s\src\hotspot\share\interpreter\linkResolver.cpp, line 771]
Event: 0.200 Thread 0x0000024f9e5c4000 Exception <a 'java/lang/NoSuchMethodError'{0x0000000713150300}: 'void java.lang.invoke.DirectMethodHandle$Holder.invokeStaticInit(java.lang.Object, java.lang.Object)'> (0x0000000713150300) 
thrown [s\src\hotspot\share\interpreter\linkResolver.cpp, line 771]
Event: 0.201 Thread 0x0000024f9e5c4000 Exception <a 'java/lang/NoSuchMethodError'{0x0000000713156e40}: 'int java.lang.invoke.DirectMethodHandle$Holder.invokeStaticInit(java.lang.Object, java.lang.Object)'> (0x0000000713156e40) 
thrown [s\src\hotspot\share\interpreter\linkResolver.cpp, line 771]
Event: 0.234 Thread 0x0000024f9e5c4000 Exception <a 'java/lang/NoSuchMethodError'{0x0000000712e3f310}: 'java.lang.Object java.lang.invoke.DirectMethodHandle$Holder.invokeStaticInit(java.lang.Object, int, int, int, int)'> (0x0000000712e3f310) 
thrown [s\src\hotspot\share\interpreter\linkResolver.cpp, line 771]
Event: 0.317 Thread 0x0000024f9e5c4000 Exception <a 'java/lang/NoSuchMethodError'{0x0000000712f64c30}: 'java.lang.Object java.lang.invoke.DirectMethodHandle$Holder.invokeStaticInit(java.lang.Object, java.lang.Object, int, int, int, int)'> (0x0000000712f64c30) 
thrown [s\src\hotspot\share\interpreter\linkResolver.cpp, line 771]
Event: 0.326 Thread 0x0000024f9e5c4000 Exception <a 'java/lang/NoSuchMethodError'{0x0000000712fce120}: 'java.lang.Object java.lang.invoke.DirectMethodHandle$Holder.invokeStatic(java.lang.Object, java.lang.Object, int)'> (0x0000000712fce120) 
thrown [s\src\hotspot\share\interpreter\linkResolver.cpp, line 771]
Event: 0.327 Thread 0x0000024f9e5c4000 Exception <a 'java/lang/NoSuchMethodError'{0x0000000712fd1898}: 'java.lang.Object java.lang.invoke.DirectMethodHandle$Holder.invokeStaticInit(java.lang.Object, java.lang.Object, int)'> (0x0000000712fd1898) 
thrown [s\src\hotspot\share\interpreter\linkResolver.cpp, line 771]
Event: 0.327 Thread 0x0000024f9e5c4000 Exception <a 'java/lang/NoSuchMethodError'{0x0000000712fd7c48}: 'java.lang.Object java.lang.invoke.DirectMethodHandle$Holder.newInvokeSpecial(java.lang.Object, java.lang.Object, int)'> (0x0000000712fd7c48) 
thrown [s\src\hotspot\share\interpreter\linkResolver.cpp, line 771]
Event: 0.329 Thread 0x0000024f9e5c4000 Exception <a 'java/lang/NoSuchMethodError'{0x0000000712fe74e8}: 'int java.lang.invoke.DirectMethodHandle$Holder.invokeStaticInit(java.lang.Object, java.lang.Object, java.lang.Object)'> (0x0000000712fe74e8) 
thrown [s\src\hotspot\share\interpreter\linkResolver.cpp, line 771]
Event: 0.331 Thread 0x0000024f9e5c4000 Exception <a 'java/lang/NoSuchMethodError'{0x0000000712ff76c8}: 'int java.lang.invoke.DirectMethodHandle$Holder.invokeSpecial(java.lang.Object, java.lang.Object, java.lang.Object)'> (0x0000000712ff76c8) 
thrown [s\src\hotspot\share\interpreter\linkResolver.cpp, line 771]
Event: 0.332 Thread 0x0000024f9e5c4000 Exception <a 'java/lang/NoSuchMethodError'{0x0000000712fffaa8}: 'int java.lang.invoke.DirectMethodHandle$Holder.invokeSpecialIFC(java.lang.Object, java.lang.Object, java.lang.Object)'> (0x0000000712fffaa8) 
thrown [s\src\hotspot\share\interpreter\linkResolver.cpp, line 771]
Event: 0.356 Thread 0x0000024f9e5c4000 Exception <a 'java/lang/NoSuchMethodError'{0x0000000712c8c5d8}: 'java.lang.Object java.lang.invoke.DirectMethodHandle$Holder.invokeStaticInit(java.lang.Object)'> (0x0000000712c8c5d8) 
thrown [s\src\hotspot\share\interpreter\linkResolver.cpp, line 771]
Event: 0.377 Thread 0x0000024f9e5c4000 Exception <a 'java/lang/UnsatisfiedLinkError'{0x0000000712ccd9a8}> (0x0000000712ccd9a8) 
thrown [s\src\hotspot\share\prims\jvm.cpp, line 3377]
Event: 0.377 Thread 0x0000024f9e5c4000 Exception <a 'java/lang/UnsatisfiedLinkError'{0x0000000712ccd9a8}> (0x0000000712ccd9a8) 
thrown [s\src\hotspot\share\prims\jni.cpp, line 517]
Event: 0.377 Thread 0x0000024f9e5c4000 Exception <a 'java/lang/UnsatisfiedLinkError'{0x0000000712ccd9a8}> (0x0000000712ccd9a8) 
thrown [s\src\hotspot\share\oops\instanceKlass.cpp, line 1233]

VM Operations (8 events):
Event: 0.101 Executing VM operation: HandshakeAllThreads
Event: 0.101 Executing VM operation: HandshakeAllThreads done
Event: 0.115 Executing VM operation: HandshakeAllThreads
Event: 0.115 Executing VM operation: HandshakeAllThreads done
Event: 0.246 Executing VM operation: HandshakeAllThreads
Event: 0.246 Executing VM operation: HandshakeAllThreads done
Event: 0.358 Executing VM operation: HandshakeAllThreads
Event: 0.358 Executing VM operation: HandshakeAllThreads done

Events (20 events):
Event: 0.411 loading class sun/nio/ch/Net done
Event: 0.411 loading class sun/nio/ch/Net$1
Event: 0.411 loading class sun/nio/ch/Net$1 done
Event: 0.411 loading class sun/net/ext/ExtendedSocketOptions
Event: 0.411 loading class sun/net/ext/ExtendedSocketOptions done
Event: 0.411 loading class jdk/net/ExtendedSocketOptions
Event: 0.412 loading class jdk/net/ExtendedSocketOptions done
Event: 0.412 loading class jdk/net/ExtendedSocketOptions$ExtSocketOption
Event: 0.412 loading class java/net/SocketOption
Event: 0.412 loading class java/net/SocketOption done
Event: 0.412 loading class jdk/net/ExtendedSocketOptions$ExtSocketOption done
Event: 0.412 loading class jdk/net/UnixDomainPrincipal
Event: 0.412 loading class jdk/net/UnixDomainPrincipal done
Event: 0.412 loading class jdk/net/ExtendedSocketOptions$PlatformSocketOptions
Event: 0.412 loading class jdk/net/ExtendedSocketOptions$PlatformSocketOptions done
Event: 0.412 loading class jdk/net/ExtendedSocketOptions$PlatformSocketOptions$1
Event: 0.412 loading class jdk/net/ExtendedSocketOptions$PlatformSocketOptions$1 done
Event: 0.412 loading class jdk/net/ExtendedSocketOptions$1
Event: 0.412 loading class jdk/net/ExtendedSocketOptions$1 done
Event: 0.412 loading class java/net/InetSocketAddress


Dynamic libraries:
0x00007ff779450000 - 0x00007ff77945a000 	D:\develop_tool\IntelliJ IDEA 2023.1.4\jbr\bin\java.exe
0x00007ff98cff0000 - 0x00007ff98d1e8000 	C:\Windows\SYSTEM32\ntdll.dll
0x00007ff98ced0000 - 0x00007ff98cf92000 	C:\Windows\System32\KERNEL32.DLL
0x00007ff98a990000 - 0x00007ff98ac8f000 	C:\Windows\System32\KERNELBASE.dll
0x00007ff98af10000 - 0x00007ff98b010000 	C:\Windows\System32\ucrtbase.dll
0x00007ff9750a0000 - 0x00007ff9750bb000 	D:\develop_tool\IntelliJ IDEA 2023.1.4\jbr\bin\VCRUNTIME140.dll
0x00007ff97d200000 - 0x00007ff97d217000 	D:\develop_tool\IntelliJ IDEA 2023.1.4\jbr\bin\jli.dll
0x00007ff98c5d0000 - 0x00007ff98c76d000 	C:\Windows\System32\USER32.dll
0x00007ff98a8d0000 - 0x00007ff98a8f2000 	C:\Windows\System32\win32u.dll
0x00007ff98c7d0000 - 0x00007ff98c7fb000 	C:\Windows\System32\GDI32.dll
0x00007ff98a690000 - 0x00007ff98a7aa000 	C:\Windows\System32\gdi32full.dll
0x00007ff98a7e0000 - 0x00007ff98a87d000 	C:\Windows\System32\msvcp_win.dll
0x00007ff97bf60000 - 0x00007ff97c1fa000 	C:\Windows\WinSxS\amd64_microsoft.windows.common-controls_6595b64144ccf1df_6.0.19041.4355_none_60b8b9eb71f62e16\COMCTL32.dll
0x00007ff98bfd0000 - 0x00007ff98c06e000 	C:\Windows\System32\msvcrt.dll
0x00007ff98bb60000 - 0x00007ff98bb8f000 	C:\Windows\System32\IMM32.DLL
0x00007ff96f1d0000 - 0x00007ff96f1dc000 	D:\develop_tool\IntelliJ IDEA 2023.1.4\jbr\bin\vcruntime140_1.dll
0x00007ff960cd0000 - 0x00007ff960d5d000 	D:\develop_tool\IntelliJ IDEA 2023.1.4\jbr\bin\msvcp140.dll
0x00007ff8cb200000 - 0x00007ff8cbe82000 	D:\develop_tool\IntelliJ IDEA 2023.1.4\jbr\bin\server\jvm.dll
0x00007ff98c8d0000 - 0x00007ff98c97f000 	C:\Windows\System32\ADVAPI32.dll
0x00007ff98bf30000 - 0x00007ff98bfcf000 	C:\Windows\System32\sechost.dll
0x00007ff98bde0000 - 0x00007ff98bf03000 	C:\Windows\System32\RPCRT4.dll
0x00007ff98a7b0000 - 0x00007ff98a7d7000 	C:\Windows\System32\bcrypt.dll
0x00007ff989c20000 - 0x00007ff989c6b000 	C:\Windows\SYSTEM32\POWRPROF.dll
0x00007ff984c20000 - 0x00007ff984c29000 	C:\Windows\SYSTEM32\WSOCK32.dll
0x00007ff98c340000 - 0x00007ff98c3ab000 	C:\Windows\System32\WS2_32.dll
0x00007ff96e020000 - 0x00007ff96e047000 	C:\Windows\SYSTEM32\WINMM.dll
0x00007ff981270000 - 0x00007ff98127a000 	C:\Windows\SYSTEM32\VERSION.dll
0x00007ff989a90000 - 0x00007ff989aa2000 	C:\Windows\SYSTEM32\UMPDC.dll
0x00007ff9884f0000 - 0x00007ff988502000 	C:\Windows\SYSTEM32\kernel.appcore.dll
0x00007ff984bc0000 - 0x00007ff984bca000 	D:\develop_tool\IntelliJ IDEA 2023.1.4\jbr\bin\jimage.dll
0x00007ff982600000 - 0x00007ff9827e4000 	C:\Windows\SYSTEM32\DBGHELP.DLL
0x00007ff9634a0000 - 0x00007ff9634d4000 	C:\Windows\SYSTEM32\dbgcore.DLL
0x00007ff98a900000 - 0x00007ff98a982000 	C:\Windows\System32\bcryptPrimitives.dll
0x00007ff975440000 - 0x00007ff975465000 	D:\develop_tool\IntelliJ IDEA 2023.1.4\jbr\bin\java.dll
0x00007ff97bbc0000 - 0x00007ff97bbd8000 	D:\develop_tool\IntelliJ IDEA 2023.1.4\jbr\bin\zip.dll
0x00007ff98b3f0000 - 0x00007ff98bb5d000 	C:\Windows\System32\SHELL32.dll
0x00007ff988710000 - 0x00007ff988eb4000 	C:\Windows\SYSTEM32\windows.storage.dll
0x00007ff98b010000 - 0x00007ff98b365000 	C:\Windows\System32\combase.dll
0x00007ff98a0c0000 - 0x00007ff98a0ef000 	C:\Windows\SYSTEM32\Wldp.dll
0x00007ff98c980000 - 0x00007ff98ca4d000 	C:\Windows\System32\OLEAUT32.dll
0x00007ff98bc70000 - 0x00007ff98bd1d000 	C:\Windows\System32\SHCORE.dll
0x00007ff98c3b0000 - 0x00007ff98c405000 	C:\Windows\System32\shlwapi.dll
0x00007ff98a5c0000 - 0x00007ff98a5e4000 	C:\Windows\SYSTEM32\profapi.dll
0x00007ff97b400000 - 0x00007ff97b419000 	D:\develop_tool\IntelliJ IDEA 2023.1.4\jbr\bin\net.dll
0x00007ff9814f0000 - 0x00007ff9815fa000 	C:\Windows\SYSTEM32\WINHTTP.dll
0x00007ff989e20000 - 0x00007ff989e8c000 	C:\Windows\system32\mswsock.dll
0x00007ff975360000 - 0x00007ff975376000 	D:\develop_tool\IntelliJ IDEA 2023.1.4\jbr\bin\nio.dll
0x00007ff98a010000 - 0x00007ff98a028000 	C:\Windows\SYSTEM32\CRYPTSP.dll
0x00007ff9896d0000 - 0x00007ff989704000 	C:\Windows\system32\rsaenh.dll
0x00007ff98a540000 - 0x00007ff98a56e000 	C:\Windows\SYSTEM32\USERENV.dll
0x00007ff98a030000 - 0x00007ff98a03c000 	C:\Windows\SYSTEM32\CRYPTBASE.dll
0x00007ff989ab0000 - 0x00007ff989aeb000 	C:\Windows\SYSTEM32\IPHLPAPI.DLL
0x00007ff98c8c0000 - 0x00007ff98c8c8000 	C:\Windows\System32\NSI.dll
0x00007ff9813d0000 - 0x00007ff9813e7000 	C:\Windows\SYSTEM32\dhcpcsvc6.DLL
0x00007ff9812a0000 - 0x00007ff9812bd000 	C:\Windows\SYSTEM32\dhcpcsvc.DLL
0x00007ff989af0000 - 0x00007ff989bba000 	C:\Windows\SYSTEM32\DNSAPI.dll
0x00007ff97bbb0000 - 0x00007ff97bbb7000 	C:\Windows\system32\wshunix.dll

dbghelp: loaded successfully - version: 4.0.5 - missing functions: none
symbol engine: initialized successfully - sym options: 0x614 - pdb path: .;D:\develop_tool\IntelliJ IDEA 2023.1.4\jbr\bin;C:\Windows\SYSTEM32;C:\Windows\WinSxS\amd64_microsoft.windows.common-controls_6595b64144ccf1df_6.0.19041.4355_none_60b8b9eb71f62e16;D:\develop_tool\IntelliJ IDEA 2023.1.4\jbr\bin\server

VM Arguments:
java_command: externalApp.nativessh.NativeSshAskPassApp Enter passphrase for key '/c/Users/谭方杰/.ssh/id_rsa': 
java_class_path (initial): D:/develop_tool/IntelliJ IDEA 2023.1.4/lib/externalProcess-rt.jar
Launcher Type: SUN_STANDARD

[Global flags]
     intx CICompilerCount                          = 4                                         {product} {ergonomic}
     uint ConcGCThreads                            = 2                                         {product} {ergonomic}
     uint G1ConcRefinementThreads                  = 8                                         {product} {ergonomic}
   size_t G1HeapRegionSize                         = 2097152                                   {product} {ergonomic}
    uintx GCDrainStackTargetSize                   = 64                                        {product} {ergonomic}
   size_t InitialHeapSize                          = 266338304                                 {product} {ergonomic}
   size_t MarkStackSize                            = 4194304                                   {product} {ergonomic}
   size_t MaxHeapSize                              = 4238344192                                {product} {ergonomic}
   size_t MaxNewSize                               = 2541748224                                {product} {ergonomic}
   size_t MinHeapDeltaBytes                        = 2097152                                   {product} {ergonomic}
   size_t MinHeapSize                              = 8388608                                   {product} {ergonomic}
    uintx NonNMethodCodeHeapSize                   = 5839372                                {pd product} {ergonomic}
    uintx NonProfiledCodeHeapSize                  = 122909434                              {pd product} {ergonomic}
    uintx ProfiledCodeHeapSize                     = 122909434                              {pd product} {ergonomic}
    uintx ReservedCodeCacheSize                    = 251658240                              {pd product} {ergonomic}
     bool SegmentedCodeCache                       = true                                      {product} {ergonomic}
   size_t SoftMaxHeapSize                          = 4238344192                             {manageable} {ergonomic}
     bool UseCompressedClassPointers               = true                           {product lp64_product} {ergonomic}
     bool UseCompressedOops                        = true                           {product lp64_product} {ergonomic}
     bool UseG1GC                                  = true                                      {product} {ergonomic}
     bool UseLargePagesIndividualAllocation        = false                                  {pd product} {ergonomic}

Logging:
Log output configuration:
 #0: stdout all=warning uptime,level,tags
 #1: stderr all=off uptime,level,tags

Environment Variables:
JAVA_HOME=D:\develop_tool\Java\jdk1.8.0_333
PATH=D:\develop_tool\Git\mingw64\libexec\git-core;D:\develop_tool\Git\mingw64\bin;D:\develop_tool\Git\usr\bin;C:\Users\谭方杰\bin;D:\python\python10;D:\python\python10\Scripts;D:\develop_tool\VMware\bin;C:\Windows\system32;C:\Windows;C:\Windows\System32\Wbem;C:\Windows\System32\WindowsPowerShell\v1.0;C:\Windows\System32\OpenSSH;D:\develop_tool\Java\jdk1.8.0_333\bin;D:\software\mysql-5.7.24-winx64\bin;D:\develop_tool\SSM\apache-maven-3.5.4\bin;D:\develop_tool\Git\cmd;D:\software\setup;D:\software\setup;D:\software\node;D:\software\myTools\node_global;D:\develop_tool\微信web开发者工具\dll;C:\Program Files (x86)\dotnet;C:\Program Files (x86)\NetSarang\Xshell 7;C:\Users\谭方杰\Downloads;D:\code\oaSystem\ffmpeg-7.0.2-full_build\bin;D:\develop_tool\golang\bin;C:\Program Files\PowerShell\7;D:\python\python10\Scripts;D:\python\python10;C:\ProgramData\miniconda3;C:\ProgramData\miniconda3\Library\mingw-w64\bin;C:\ProgramData\miniconda3\Library\usr\bin;C:\ProgramData\miniconda3\Library\bin;C:\ProgramData\miniconda3\Scripts;C:\Program Files\MySQL\MySQL Shell 8.0\bin;C:\Windows\system32;C:\Windows;C:\Windows\System32\Wbem;C:\Windows\System32\WindowsPowerShell\v1.0;C:\Windows\System32\OpenSSH;D:\Program Files\MATLAB\R2016b\runtime\win64;D:\Program Files\MATLAB\R2016b\bin;D:\Program Files\MATLAB\R2016b\polyspace\bin;D:\develop_tool\WebStorm 2022.2.2\bin;D:\develop_tool\PyCharm 2022.1.3\bin;D:\software\setup;D:\software\setup;C:\Users\谭方杰\AppData\Roaming\npm;D:\Download\Microsoft VS Code\bin;D:\develop_tool\IntelliJ IDEA 2023.1.4\bin;D:\develop_tool\GoLand 2023.2.3\bin;C:\Users\谭方杰\Downloads\netcat-1.11;D:\python\python10;C:\Users\谭方杰\go\bin;D:\Download\devecostudio-windows-5.0.7.210\DevEco Studio\bin
USERNAME=谭方杰
DISPLAY=:0.0
LC_ALL=en_US.UTF-8
TERM=xterm-256color
TMPDIR=C:\Users\谭方杰\AppData\Local\Temp
OS=Windows_NT
PROCESSOR_IDENTIFIER=Intel64 Family 6 Model 140 Stepping 1, GenuineIntel
TMP=C:\Users\谭方杰\AppData\Local\Temp
TEMP=C:\Users\谭方杰\AppData\Local\Temp



Periodic native trim disabled

JNI global refs:
JNI global refs: 19, weak refs: 0

JNI global refs memory usage: 843, weak refs: 209

OOME stack traces (most recent first):
Classloader memory used:
Loader bootstrap                                                                       : 1512K
Loader jdk.internal.loader.ClassLoaders$PlatformClassLoader                            : 64266B
Loader jdk.internal.loader.ClassLoaders$AppClassLoader                                 : 1761B


---------------  S Y S T E M  ---------------

OS:
 Windows 10 , 64 bit Build 19041 (10.0.19041.5438)
OS uptime: 1 days 11:56 hours

CPU: total 8 (initial active 8) (4 cores per cpu, 2 threads per core) family 6 model 140 stepping 1 microcode 0x8a, cx8, cmov, fxsr, ht, mmx, 3dnowpref, sse, sse2, sse3, ssse3, sse4.1, sse4.2, popcnt, lzcnt, tsc, tscinvbit, avx, avx2, aes, erms, clmul, bmi1, bmi2, adx, avx512f, avx512dq, avx512cd, avx512bw, avx512vl, sha, fma, vzeroupper, avx512_vpopcntdq, avx512_vpclmulqdq, avx512_vaes, avx512_vnni, clflush, clflushopt, clwb, avx512_vbmi2, avx512_vbmi
Processor Information for all 8 processors :
  Max Mhz: 3110, Current Mhz: 3110, Mhz Limit: 3110

Memory: 4k page, system-wide physical 16167M (4096M free)
TotalPageFile size 35425M (AvailPageFile size 4M)
current process WorkingSet (physical memory assigned to process): 56M, peak: 56M
current process commit charge ("private bytes"): 347M, peak: 348M

vm_info: OpenJDK 64-Bit Server VM (17.0.9+7-b1087.11) for windows-amd64 JRE (17.0.9+7-b1087.11), built on 2024-01-05 by "builduser" with MS VC++ 16.10 / 16.11 (VS2019)

END.
