#
# There is insufficient memory for the Java Runtime Environment to continue.
# Native memory allocation (mmap) failed to map 4161536 bytes for G1 virtual space
# Possible reasons:
#   The system is out of physical RAM or swap space
#   The process is running with CompressedOops enabled, and the Java Heap may be blocking the growth of the native heap
# Possible solutions:
#   Reduce memory load on the system
#   Increase physical memory or swap space
#   Check if swap backing store is full
#   Decrease Java heap size (-Xmx/-Xms)
#   Decrease number of Java threads
#   Decrease Java thread stack sizes (-Xss)
#   Set larger code cache with -XX:ReservedCodeCacheSize=
#   JVM is running with Zero Based Compressed Oops mode in which the Java heap is
#     placed in the first 32GB address space. The Java Heap base address is the
#     maximum limit for the native heap growth. Please use -XX:HeapBaseMinAddress
#     to set the Java Heap base and to place the Java Heap above 32GB virtual address.
# This output file may be truncated or incomplete.
#
#  Out of Memory Error (os_windows.cpp:3825), pid=37548, tid=16804
#
# JRE version:  (17.0.9+7) (build )
# Java VM: OpenJDK 64-Bit Server VM (17.0.9+7-b1087.11, mixed mode, sharing, tiered, compressed oops, compressed class ptrs, g1 gc, windows-amd64)
# No core dump will be written. Minidumps are not enabled by default on client versions of Windows
#

---------------  S U M M A R Y ------------

Command Line: externalApp.nativessh.NativeSshAskPassApp Enter passphrase for key '/c/Users/谭方杰/.ssh/id_rsa': 

Host: 11th Gen Intel(R) Core(TM) i5-11300H @ 3.10GHz, 8 cores, 15G,  Windows 10 , 64 bit Build 19041 (10.0.19041.5438)
Time: Sat Mar 15 19:57:49 2025  Windows 10 , 64 bit Build 19041 (10.0.19041.5438) elapsed time: 0.011291 seconds (0d 0h 0m 0s)

---------------  T H R E A D  ---------------

Current thread (0x0000025bf8f74000):  JavaThread "Unknown thread" [_thread_in_vm, id=16804, stack(0x000000d716500000,0x000000d716600000)]

Stack: [0x000000d716500000,0x000000d716600000]
Native frames: (J=compiled Java code, j=interpreted, Vv=VM code, C=native code)
V  [jvm.dll+0x688349]
V  [jvm.dll+0x841bfa]
V  [jvm.dll+0x84383e]
V  [jvm.dll+0x843ea3]
V  [jvm.dll+0x24bdef]
V  [jvm.dll+0x6850f9]
V  [jvm.dll+0x67988a]
V  [jvm.dll+0x30cbfb]
V  [jvm.dll+0x3140a6]
V  [jvm.dll+0x363ef3]
V  [jvm.dll+0x36410f]
V  [jvm.dll+0x2e29c8]
V  [jvm.dll+0x2e3934]
V  [jvm.dll+0x812771]
V  [jvm.dll+0x371d41]
V  [jvm.dll+0x7f12bc]
V  [jvm.dll+0x3f59cf]
V  [jvm.dll+0x3f7601]
C  [jli.dll+0x528f]
C  [ucrtbase.dll+0x21bb2]
C  [KERNEL32.DLL+0x17374]
C  [ntdll.dll+0x4cc91]


---------------  P R O C E S S  ---------------

Threads class SMR info:
_java_thread_list=0x00007ff8cbd3df18, length=0, elements={
}

Java Threads: ( => current thread )

Other Threads:
  0x0000025bf8fe0610 GCTaskThread "GC Thread#0" [stack: 0x000000d716600000,0x000000d716700000] [id=36572]
  0x0000025bf8ff2110 ConcurrentGCThread "G1 Main Marker" [stack: 0x000000d716700000,0x000000d716800000] [id=28916]
  0x0000025bf8ff2a40 ConcurrentGCThread "G1 Conc#0" [stack: 0x000000d716800000,0x000000d716900000] [id=38804]

[error occurred during error reporting (printing all threads), id 0xc0000005, EXCEPTION_ACCESS_VIOLATION (0xc0000005) at pc=0x00007ff8cb4f3597]

VM state: not at safepoint (not fully initialized)

VM Mutex/Monitor currently owned by a thread:  ([mutex/lock_event])
[0x0000025bf8f6dd10] Heap_lock - owner thread: 0x0000025bf8f74000

Heap address: 0x0000000703600000, size: 4042 MB, Compressed Oops mode: Zero based, Oop shift amount: 3

CDS archive(s) mapped at: [0x0000000000000000-0x0000000000000000-0x0000000000000000), size 0, SharedBaseAddress: 0x0000000800000000, ArchiveRelocationMode: 1.
Narrow klass base: 0x0000000000000000, Narrow klass shift: 0, Narrow klass range: 0x0

GC Precious Log:
<Empty>

Heap:
 garbage-first heap   total 0K, used 0K [0x0000000703600000, 0x0000000800000000)
  region size 2048K, 0 young (0K), 0 survivors (0K)
 Metaspace       used 0K, committed 0K, reserved 0K
  class space    used 0K, committed 0K, reserved 0K

Heap Regions: E=young(eden), S=young(survivor), O=old, HS=humongous(starts), HC=humongous(continues), CS=collection set, F=free, OA=open archive, CA=closed archive, TAMS=top-at-mark-start (previous, next)

Card table byte_map: [0x0000025bfd210000,0x0000025bfda00000] _byte_map_base: 0x0000025bf99f5000

Marking Bits (Prev, Next): (CMBitMap*) 0x0000025bf8fe0b40, (CMBitMap*) 0x0000025bf8fe0b80
 Prev Bits: [0x0000025b8f000000, 0x0000025b92f28000)
 Next Bits: [0x0000025b92f30000, 0x0000025b96e58000)

GC Heap History (0 events):
No events

Dll operation events (1 events):
Event: 0.006 Loaded shared library D:\develop_tool\IntelliJ IDEA 2023.1.4\jbr\bin\java.dll

Deoptimization events (0 events):
No events

Classes unloaded (0 events):
No events

Classes redefined (0 events):
No events

Internal exceptions (0 events):
No events

VM Operations (0 events):
No events

Events (0 events):
No events


Dynamic libraries:
0x00007ff779450000 - 0x00007ff77945a000 	D:\develop_tool\IntelliJ IDEA 2023.1.4\jbr\bin\java.exe
0x00007ff98cff0000 - 0x00007ff98d1e8000 	C:\Windows\SYSTEM32\ntdll.dll
0x00007ff98ced0000 - 0x00007ff98cf92000 	C:\Windows\System32\KERNEL32.DLL
0x00007ff98a990000 - 0x00007ff98ac8f000 	C:\Windows\System32\KERNELBASE.dll
0x00007ff98af10000 - 0x00007ff98b010000 	C:\Windows\System32\ucrtbase.dll
0x00007ff9750a0000 - 0x00007ff9750bb000 	D:\develop_tool\IntelliJ IDEA 2023.1.4\jbr\bin\VCRUNTIME140.dll
0x00007ff97d200000 - 0x00007ff97d217000 	D:\develop_tool\IntelliJ IDEA 2023.1.4\jbr\bin\jli.dll
0x00007ff98c5d0000 - 0x00007ff98c76d000 	C:\Windows\System32\USER32.dll
0x00007ff98a8d0000 - 0x00007ff98a8f2000 	C:\Windows\System32\win32u.dll
0x00007ff98c7d0000 - 0x00007ff98c7fb000 	C:\Windows\System32\GDI32.dll
0x00007ff98a690000 - 0x00007ff98a7aa000 	C:\Windows\System32\gdi32full.dll
0x00007ff97bf60000 - 0x00007ff97c1fa000 	C:\Windows\WinSxS\amd64_microsoft.windows.common-controls_6595b64144ccf1df_6.0.19041.4355_none_60b8b9eb71f62e16\COMCTL32.dll
0x00007ff98a7e0000 - 0x00007ff98a87d000 	C:\Windows\System32\msvcp_win.dll
0x00007ff98bfd0000 - 0x00007ff98c06e000 	C:\Windows\System32\msvcrt.dll
0x00007ff98bb60000 - 0x00007ff98bb8f000 	C:\Windows\System32\IMM32.DLL
0x00007ff96f1d0000 - 0x00007ff96f1dc000 	D:\develop_tool\IntelliJ IDEA 2023.1.4\jbr\bin\vcruntime140_1.dll
0x00007ff960cd0000 - 0x00007ff960d5d000 	D:\develop_tool\IntelliJ IDEA 2023.1.4\jbr\bin\msvcp140.dll
0x00007ff8cb200000 - 0x00007ff8cbe82000 	D:\develop_tool\IntelliJ IDEA 2023.1.4\jbr\bin\server\jvm.dll
0x00007ff98c8d0000 - 0x00007ff98c97f000 	C:\Windows\System32\ADVAPI32.dll
0x00007ff98bf30000 - 0x00007ff98bfcf000 	C:\Windows\System32\sechost.dll
0x00007ff98bde0000 - 0x00007ff98bf03000 	C:\Windows\System32\RPCRT4.dll
0x00007ff98a7b0000 - 0x00007ff98a7d7000 	C:\Windows\System32\bcrypt.dll
0x00007ff989c20000 - 0x00007ff989c6b000 	C:\Windows\SYSTEM32\POWRPROF.dll
0x00007ff981270000 - 0x00007ff98127a000 	C:\Windows\SYSTEM32\VERSION.dll
0x00007ff984c20000 - 0x00007ff984c29000 	C:\Windows\SYSTEM32\WSOCK32.dll
0x00007ff96e020000 - 0x00007ff96e047000 	C:\Windows\SYSTEM32\WINMM.dll
0x00007ff98c340000 - 0x00007ff98c3ab000 	C:\Windows\System32\WS2_32.dll
0x00007ff989a90000 - 0x00007ff989aa2000 	C:\Windows\SYSTEM32\UMPDC.dll
0x00007ff9884f0000 - 0x00007ff988502000 	C:\Windows\SYSTEM32\kernel.appcore.dll
0x00007ff984bc0000 - 0x00007ff984bca000 	D:\develop_tool\IntelliJ IDEA 2023.1.4\jbr\bin\jimage.dll
0x00007ff982600000 - 0x00007ff9827e4000 	C:\Windows\SYSTEM32\DBGHELP.DLL
0x00007ff9634a0000 - 0x00007ff9634d4000 	C:\Windows\SYSTEM32\dbgcore.DLL
0x00007ff98a900000 - 0x00007ff98a982000 	C:\Windows\System32\bcryptPrimitives.dll
0x00007ff975440000 - 0x00007ff975465000 	D:\develop_tool\IntelliJ IDEA 2023.1.4\jbr\bin\java.dll

dbghelp: loaded successfully - version: 4.0.5 - missing functions: none
symbol engine: initialized successfully - sym options: 0x614 - pdb path: .;D:\develop_tool\IntelliJ IDEA 2023.1.4\jbr\bin;C:\Windows\SYSTEM32;C:\Windows\WinSxS\amd64_microsoft.windows.common-controls_6595b64144ccf1df_6.0.19041.4355_none_60b8b9eb71f62e16;D:\develop_tool\IntelliJ IDEA 2023.1.4\jbr\bin\server

VM Arguments:
java_command: externalApp.nativessh.NativeSshAskPassApp Enter passphrase for key '/c/Users/谭方杰/.ssh/id_rsa': 
java_class_path (initial): D:/develop_tool/IntelliJ IDEA 2023.1.4/lib/externalProcess-rt.jar
Launcher Type: SUN_STANDARD

[Global flags]
     intx CICompilerCount                          = 4                                         {product} {ergonomic}
     uint ConcGCThreads                            = 2                                         {product} {ergonomic}
     uint G1ConcRefinementThreads                  = 8                                         {product} {ergonomic}
   size_t G1HeapRegionSize                         = 2097152                                   {product} {ergonomic}
    uintx GCDrainStackTargetSize                   = 64                                        {product} {ergonomic}
   size_t InitialHeapSize                          = 266338304                                 {product} {ergonomic}
   size_t MarkStackSize                            = 4194304                                   {product} {ergonomic}
   size_t MaxHeapSize                              = 4238344192                                {product} {ergonomic}
   size_t MinHeapDeltaBytes                        = 2097152                                   {product} {ergonomic}
   size_t MinHeapSize                              = 8388608                                   {product} {ergonomic}
    uintx NonNMethodCodeHeapSize                   = 5839372                                {pd product} {ergonomic}
    uintx NonProfiledCodeHeapSize                  = 122909434                              {pd product} {ergonomic}
    uintx ProfiledCodeHeapSize                     = 122909434                              {pd product} {ergonomic}
    uintx ReservedCodeCacheSize                    = 251658240                              {pd product} {ergonomic}
     bool SegmentedCodeCache                       = true                                      {product} {ergonomic}
   size_t SoftMaxHeapSize                          = 4238344192                             {manageable} {ergonomic}
     bool UseCompressedClassPointers               = true                           {product lp64_product} {ergonomic}
     bool UseCompressedOops                        = true                           {product lp64_product} {ergonomic}
     bool UseG1GC                                  = true                                      {product} {ergonomic}
     bool UseLargePagesIndividualAllocation        = false                                  {pd product} {ergonomic}

Logging:
Log output configuration:
 #0: stdout all=warning uptime,level,tags
 #1: stderr all=off uptime,level,tags

Environment Variables:
JAVA_HOME=D:\develop_tool\Java\jdk1.8.0_333
PATH=D:\develop_tool\Git\mingw64\libexec\git-core;D:\develop_tool\Git\mingw64\bin;D:\develop_tool\Git\usr\bin;C:\Users\谭方杰\bin;D:\python\python10;D:\python\python10\Scripts;D:\develop_tool\VMware\bin;C:\Windows\system32;C:\Windows;C:\Windows\System32\Wbem;C:\Windows\System32\WindowsPowerShell\v1.0;C:\Windows\System32\OpenSSH;D:\develop_tool\Java\jdk1.8.0_333\bin;D:\software\mysql-5.7.24-winx64\bin;D:\develop_tool\SSM\apache-maven-3.5.4\bin;D:\develop_tool\Git\cmd;D:\software\setup;D:\software\setup;D:\software\node;D:\software\myTools\node_global;D:\develop_tool\微信web开发者工具\dll;C:\Program Files (x86)\dotnet;C:\Program Files (x86)\NetSarang\Xshell 7;C:\Users\谭方杰\Downloads;D:\code\oaSystem\ffmpeg-7.0.2-full_build\bin;D:\develop_tool\golang\bin;C:\Program Files\PowerShell\7;D:\python\python10\Scripts;D:\python\python10;C:\ProgramData\miniconda3;C:\ProgramData\miniconda3\Library\mingw-w64\bin;C:\ProgramData\miniconda3\Library\usr\bin;C:\ProgramData\miniconda3\Library\bin;C:\ProgramData\miniconda3\Scripts;C:\Program Files\MySQL\MySQL Shell 8.0\bin;C:\Windows\system32;C:\Windows;C:\Windows\System32\Wbem;C:\Windows\System32\WindowsPowerShell\v1.0;C:\Windows\System32\OpenSSH;D:\Program Files\MATLAB\R2016b\runtime\win64;D:\Program Files\MATLAB\R2016b\bin;D:\Program Files\MATLAB\R2016b\polyspace\bin;D:\develop_tool\WebStorm 2022.2.2\bin;D:\develop_tool\PyCharm 2022.1.3\bin;D:\software\setup;D:\software\setup;C:\Users\谭方杰\AppData\Roaming\npm;D:\Download\Microsoft VS Code\bin;D:\develop_tool\IntelliJ IDEA 2023.1.4\bin;D:\develop_tool\GoLand 2023.2.3\bin;C:\Users\谭方杰\Downloads\netcat-1.11;D:\python\python10;C:\Users\谭方杰\go\bin;D:\Download\devecostudio-windows-5.0.7.210\DevEco Studio\bin
USERNAME=谭方杰
DISPLAY=:0.0
LC_ALL=en_US.UTF-8
TERM=xterm-256color
TMPDIR=C:\Users\谭方杰\AppData\Local\Temp
OS=Windows_NT
PROCESSOR_IDENTIFIER=Intel64 Family 6 Model 140 Stepping 1, GenuineIntel
TMP=C:\Users\谭方杰\AppData\Local\Temp
TEMP=C:\Users\谭方杰\AppData\Local\Temp



Periodic native trim disabled

JNI global refs:
JNI global refs: 0, weak refs: 0

JNI global refs memory usage: 0, weak refs: 0

OOME stack traces (most recent first):
Classloader memory used:


---------------  S Y S T E M  ---------------

OS:
 Windows 10 , 64 bit Build 19041 (10.0.19041.5438)
OS uptime: 1 days 10:56 hours

CPU: total 8 (initial active 8) (4 cores per cpu, 2 threads per core) family 6 model 140 stepping 1 microcode 0x8a, cx8, cmov, fxsr, ht, mmx, 3dnowpref, sse, sse2, sse3, ssse3, sse4.1, sse4.2, popcnt, lzcnt, tsc, tscinvbit, avx, avx2, aes, erms, clmul, bmi1, bmi2, adx, avx512f, avx512dq, avx512cd, avx512bw, avx512vl, sha, fma, vzeroupper, avx512_vpopcntdq, avx512_vpclmulqdq, avx512_vaes, avx512_vnni, clflush, clflushopt, clwb, avx512_vbmi2, avx512_vbmi
Processor Information for all 8 processors :
  Max Mhz: 3110, Current Mhz: 3110, Mhz Limit: 3110

Memory: 4k page, system-wide physical 16167M (2491M free)
TotalPageFile size 35425M (AvailPageFile size 4M)
current process WorkingSet (physical memory assigned to process): 10M, peak: 10M
current process commit charge ("private bytes"): 314M, peak: 318M

vm_info: OpenJDK 64-Bit Server VM (17.0.9+7-b1087.11) for windows-amd64 JRE (17.0.9+7-b1087.11), built on 2024-01-05 by "builduser" with MS VC++ 16.10 / 16.11 (VS2019)

END.
